<?xml version="1.0" encoding="UTF-8"?>
<testng-results ignored="0" total="2" passed="2" failed="0" skipped="0">
  <reporter-output>
  </reporter-output>
  <suite started-at="2024-12-14T11:44:46 WAT" name="Default suite" finished-at="2024-12-14T11:44:46 WAT" duration-ms="96">
    <groups>
    </groups>
    <test started-at="2024-12-14T11:44:46 WAT" name="Default test" finished-at="2024-12-14T11:44:46 WAT" duration-ms="96">
      <class name="TestDemo">
        <test-method signature="openapp()[pri:-1, instance:TestDemo@4562e04d]" started-at="2024-12-14T11:44:46 WAT" name="openapp" finished-at="2024-12-14T11:44:46 WAT" duration-ms="15" status="PASS">
          <reporter-output>
          </reporter-output>
        </test-method> <!-- openapp -->
        <test-method signature="logout()[pri:3, instance:TestDemo@4562e04d]" started-at="2024-12-14T11:44:46 WAT" name="logout" finished-at="2024-12-14T11:44:46 WAT" duration-ms="2" status="PASS">
          <reporter-output>
          </reporter-output>
        </test-method> <!-- logout -->
      </class> <!-- TestDemo -->
    </test> <!-- Default test -->
  </suite> <!-- Default suite -->
</testng-results>
